<?xml version='1.0' encoding='UTF-8'?>
<testsuite hostname="bakasaka-pc" name="example.ListsSuite" tests="6" errors="0" failures="0" skipped="0" time="0.099" timestamp="2021-01-19T00:34:06">
                     <properties>
      <property name="awt.toolkit" value="sun.awt.X11.XToolkit"/><property name="java.specification.version" value="11"/><property name="sun.cpu.isalist" value=""/><property name="sun.jnu.encoding" value="UTF-8"/><property name="sun.arch.data.model" value="64"/><property name="java.vendor.url" value="https://openjdk.java.net/"/><property name="sun.boot.library.path" value="/usr/lib/jvm/java-11-openjdk/lib"/><property name="sun.java.command" value="/usr/share/sbt/bin/sbt-launch.jar"/><property name="jdk.debug" value="release"/><property name="java.specification.vendor" value="Oracle Corporation"/><property name="java.version.date" value="2020-07-14"/><property name="java.home" value="/usr/lib/jvm/java-11-openjdk"/><property name="file.separator" value="/"/><property name="java.vm.compressedOopsMode" value="32-bit"/><property name="line.separator" value="
"/><property name="java.specification.name" value="Java Platform API Specification"/><property name="java.vm.specification.vendor" value="Oracle Corporation"/><property name="sun.management.compiler" value="HotSpot 64-Bit Tiered Compilers"/><property name="java.runtime.version" value="11.0.8+10"/><property name="user.name" value="bakasaka"/><property name="file.encoding" value="UTF-8"/><property name="jnidispatch.path" value="/tmp/jna--1953311879/jna9333939603829854674.tmp"/><property name="jna.loaded" value="true"/><property name="java.io.tmpdir" value="/tmp"/><property name="java.version" value="11.0.8"/><property name="java.vm.specification.name" value="Java Virtual Machine Specification"/><property name="java.awt.printerjob" value="sun.print.PSPrinterJob"/><property name="sun.os.patch.level" value="unknown"/><property name="java.library.path" value="/usr/java/packages/lib:/usr/lib64:/lib64:/lib:/usr/lib"/><property name="java.vendor" value="N/A"/><property name="scala.ext.dirs" value="/home/bakasaka/.sbt/0.13/java9-rt-ext-n_a_11_0_8"/><property name="sun.io.unicode.encoding" value="UnicodeLittle"/><property name="java.class.path" value="/usr/share/sbt/bin/sbt-launch.jar"/><property name="java.vm.vendor" value="Oracle Corporation"/><property name="jline.shutdownhook" value="false"/><property name="user.timezone" value="Asia/Ho_Chi_Minh"/><property name="os.name" value="Linux"/><property name="java.vm.specification.version" value="11"/><property name="sun.java.launcher" value="SUN_STANDARD"/><property name="user.country" value="US"/><property name="sun.cpu.endian" value="little"/><property name="user.home" value="/home/bakasaka"/><property name="user.language" value="en"/><property name="java.awt.graphicsenv" value="sun.awt.X11GraphicsEnvironment"/><property name="jline.esc.timeout" value="0"/><property name="path.separator" value=":"/><property name="os.version" value="5.10.2-2-MANJARO"/><property name="jna.nosys" value="true"/><property name="java.runtime.name" value="OpenJDK Runtime Environment"/><property name="java.vm.name" value="OpenJDK 64-Bit Server VM"/><property name="jna.platform.library.path" value="/usr/lib64:/lib64:/usr/lib:/lib:/usr/lib32:/usr/lib/openmpi:/usr/lib/libfakeroot"/><property name="java.vendor.url.bug" value="https://bugreport.java.com/bugreport/"/><property name="user.dir" value="/home/bakasaka/Projects/learn-scala/example"/><property name="os.arch" value="amd64"/><property name="java.vm.info" value="mixed mode"/><property name="java.vm.version" value="11.0.8+10"/><property name="java.class.version" value="55.0"/>
    </properties>
                     <testcase classname="example.ListsSuite" name="one plus one is three (0pts)?" time="0.069">
                                                 
                                               </testcase><testcase classname="example.ListsSuite" name="max of a few numbers (10pts)" time="0.023">
                                                 
                                               </testcase><testcase classname="example.ListsSuite" name="intNotZero throws an exception if its argument is 0" time="0.001">
                                                 
                                               </testcase><testcase classname="example.ListsSuite" name="details why one plus one is not three (0pts)" time="0.001">
                                                 
                                               </testcase><testcase classname="example.ListsSuite" name="sum of a few numbers (10pts)" time="0.004">
                                                 
                                               </testcase><testcase classname="example.ListsSuite" name="one plus one is two (0pts)" time="0.001">
                                                 
                                               </testcase>
                     <system-out><![CDATA[]]></system-out>
                     <system-err><![CDATA[]]></system-err>
                   </testsuite>